<?xml version="1.0" encoding="UTF-8"?>
<!-- Generated by org.testng.reporters.JUnitReportReporter -->
<testsuite skipped="0" hostname="PNVD114" name="runner.TestRunner" tests="1" failures="0" timestamp="07 Jan 2020 04:12:54 GMT" time="24.276" errors="0">
  <testcase name="feature" time="24.276" classname="runner.TestRunner"/>
</testsuite> <!-- runner.TestRunner -->
